M D --  - -
D P -H  - H
P F HH  H H
F L HH  H H
L V HH  H H
V L HH  H H
L L HH  H H
L H HH  H H
H S HH  H H
S V HH  H H
V S HH  H H
S S HH  H H
S S HH  H H
S L HH  H H
L S HH  H H
S S HH  H H
S S HH  H H
S E HH  H H
E L HH  H H
L T HH  H H
T E HH  H H
E L HH  H H
L K HH  H H
K G HH  H H
G L HH  H H
L C HH  H H
C L HH  H H
L G HT  H T
G R TT  T T
R V TT  T T
V G T-  T -
G K -H  - H
K R HH  H H
R K HH  H H
K L HH  H H
L E HH  H H
E R HH  H H
R V H-  H -
V Q --  - -
Q S -S  - S
S G SH  S H
G L HH  H H
L D HH  H H
D L HH  H H
L F HH  H H
F S HH  H H
S M HH  H H
M L HH  H H
L L HH  H H
L E HH  H H
E Q HH  H H
Q N HT  H T
N D TS  T S
D L S-  S -
L E -S  - S
E P ST  S T
P G TT  T T
G H T-  T -
H T --  - -
T E -H  - H
E L HH  H H
L L HH  H H
L R HH  H H
R E HH  H H
E L HH  H H
L L HH  H H
L A HH  H H
A S HH  H H
S L HH  H H
L R HT  H T
R R T-  T -
R H -H  - H
H D HH  H H
D L HH  H H
L L HH  H H
L R HH  H H
R R HH  H H
R V HH  H H
V D HH  H H
D D HH  H H
D F H-  H -
F E --  - -
M Q -E  - E
Q I EE  E E
I F EE  E E
F V EE  E E
V K EE  E E
K T E-  E -
T L -T  - T
L T TT  T T
T G TS  T S
G K S-  S -
K T -E  - E
T I EE  E E
I T EE  E E
T L EE  E E
L E EE  E E
E V E-  E -
V E --  - -
E P -T  - T
P S TT  T T
S D T-  T -
D T -B  - B
T I BH  B H
I E HH  H H
E N HH  H H
N V HH  H H
V K HH  H H
K A HH  H H
A K HH  H H
K I HH  H H
I Q HH  H H
Q D HH  H H
D K HH  H H
K E HH  H H
E G H-  H -
G I --  - -
I P --  - -
P P -G  - G
P D GG  G G
D Q GG  G G
Q Q GE  G E
Q R EE  E E
R L EE  E E
L I EE  E E
I F EE  E E
F A ET  E T
A G TT  T T
G K TE  T E
K Q EE  E E
Q L E-  E -
L E --  - -
E D -T  - T
D G TT  T T
G R TS  T S
R T SB  S B
T L BT  B T
L S TG  T G
S D GG  G G
D Y GG  G G
Y N GT  G T
N I T-  T -
I Q --  - -
Q K -T  - T
K E TT  T T
E S T-  T -
S T -E  - E
T L EE  E E
L H EE  E E
H L EE  E E
L V EE  E E
V L EE  E E
L R E-  E -
R L --  - -
L R -S  - S
R G S-  S -
G G --  - -
S S --  - -
S R -H  - H
R K HH  H H
K E HH  H H
E L HH  H H
L A HH  H H
A N HH  H H
N A HH  H H
A I HH  H H
I R HH  H H
R A HH  H H
A L HH  H H
L S HH  H H
S M HH  H H
M D HH  H H
D A HH  H H
A V HH  H H
V Q HH  H H
Q K HH  H H
K A HH  H H
A K HT  H T
K S T-  T -
S G -S  - S
G H S-  S -
H P --  - -
P G -H  - H
G A HH  H H
A P HH  H H
P M HH  H H
M G HH  H H
G M HH  H H
M A HH  H H
A D HH  H H
D I HH  H H
I A HH  H H
A E HH  H H
E V HH  H H
V L HI  H I
L W II  I I
W R II  I I
R D II  I I
D F II  I I
F L I-  I -
L K --  - -
K H --  - -
H N --  - -
N P -T  - T
P Q TT  T T
Q N T-  T -
N P -T  - T
P S TT  T T
S W T-  T -
W A -T  - T
A D TT  T T
D R T-  T -
R D --  - -
D R -E  - E
R F EE  E E
F V EE  E E
V L EE  E E
L S ES  E S
S N SS  S S
N G SG  S G
G H GG  G G
H G GG  G G
G S GH  G H
S M HH  H H
M L HH  H H
L I HH  H H
I Y HH  H H
Y S HH  H H
S L HH  H H
L L HH  H H
L H HH  H H
H L HH  H H
L T HH  H H
T G HT  H T
G Y T-  T -
Y D -S  - S
D L S-  S -
L P --  - -
P M -H  - H
M E HH  H H
E E HH  H H
E L HH  H H
L K HT  H T
K N TT  T T
N F TT  T T
F R TT  T T
R Q T-  T -
Q L -T  - T
L H TT  T T
H S T-  T -
S K -S  - S
K T S-  S -
T P --  - -
P G -S  - S
G H SS  S S
H P S-  S -
P E --  - -
E V -T  - T
V G TT  T T
G K TT  T T
K T TS  T S
T A ST  S T
A G TT  T T
G V T-  T -
V E --  - -
E T -S  - S
T T S-  S -
T T --  - -
T G --  - -
G P -S  - S
P L ST  S T
L G TT  T T
G Q TH  T H
Q G HH  H H
G I HH  H H
I A HH  H H
A N HH  H H
N A HH  H H
A V HH  H H
V G HH  H H
G M HH  H H
M A HH  H H
A I HH  H H
I A HH  H H
A E HH  H H
E K HH  H H
K T HH  H H
T L HH  H H
L A HH  H H
A A HH  H H
A Q HH  H H
Q F HH  H H
F N H-  H -
N R -B  - B
R P BT  B T
P G TT  T T
G H TB  T B
H D B-  B -
D I --  - -
I V --  - -
V D --  - -
D H --  - -
H Y --  - -
Y T -E  - E
T Y EE  E E
Y A EE  E E
A F EE  E E
F M EE  E E
M G E-  E -
G D -H  - H
D G HH  H H
G C HH  H H
C M HH  H H
M M HH  H H
M E HS  H S
E G SH  S H
G I HH  H H
I S HH  H H
S H HH  H H
H E HH  H H
E V HH  H H
V C HH  H H
C S HH  H H
S L HH  H H
L A HH  H H
A G HH  H H
G T HH  H H
T L HT  H T
L K TT  T T
K L T-  T -
L G -T  - T
G K TT  T T
K L TE  T E
L I EE  E E
I A EE  E E
A F EE  E E
F Y EE  E E
Y D EE  E E
D D EE  E E
D N E-  E -
N G -S  - S
G I SE  S E
I S EE  E E
S I ET  E T
I D TT  T T
D G TE  T E
G H EE  E E
H V EG  E G
V E GG  G G
E G GG  G G
G W GT  G T
W F T-  T -
F T --  - -
T D --  - -
D D --  - -
D T -H  - H
T A HH  H H
A M HH  H H
M R HH  H H
R F HH  H H
F E HH  H H
E A HH  H H
A Y HT  H T
Y G TT  T T
G W T-  T -
W H -E  - E
H V EE  E E
V I EE  E E
I R EE  E E
R D EE  E E
D I EE  E E
I D EE  E E
D G ET  E T
G H TT  T T
H D T-  T -
D A -H  - H
A A HH  H H
A S HH  H H
S I HH  H H
I K HH  H H
K R HH  H H
R A HH  H H
A V HH  H H
V E HH  H H
E E HH  H H
E A HH  H H
A R HH  H H
R A HH  H H
A V H-  H -
V T --  - -
T D -S  - S
D K SS  S S
K P S-  S -
P S -E  - E
S L EE  E E
L L EE  E E
L M EE  E E
M C EE  E E
C K EE  E E
K T E-  E -
T I --  - -
I I -T  - T
I G TT  T T
G F TT  T T
F G TT  T T
G S T-  T -
S P -T  - T
P N TT  T T
N K TT  T T
K A TT  T T
A G TT  T T
G T TS  T S
T H SG  S G
H D GG  G G
D S GG  G G
S H GT  G T
H G TS  T S
G A SS  S S
A P S-  S -
P L --  - -
L G --  - -
G D -H  - H
D A HH  H H
A E HH  H H
E I HH  H H
I A HH  H H
A L HH  H H
L T HH  H H
T R HH  H H
R E HH  H H
E Q HH  H H
Q L HH  H H
L G HT  H T
G W T-  T -
W K --  - -
K Y --  - -
Y A --  - -
A P -T  - T
P F TT  T T
F E T-  T -
E I --  - -
I P --  - -
P S -H  - H
S E HH  H H
E I HH  H H
I Y HH  H H
Y A HH  H H
A Q HH  H H
Q W HH  H H
W D H-  H -
D A --  - -
A K -H  - H
K E HH  H H
E A HH  H H
A G HH  H H
G Q HH  H H
Q A HH  H H
A K HH  H H
K E HH  H H
E S HH  H H
S A HH  H H
A W HH  H H
W N HH  H H
N E HH  H H
E K HH  H H
K F HH  H H
F A HH  H H
A A HH  H H
A Y HH  H H
Y A HH  H H
A K HH  H H
K A HH  H H
A Y H-  H -
Y P -H  - H
P Q HH  H H
Q E HH  H H
E A HH  H H
A A HH  H H
A E HH  H H
E F HH  H H
F T HH  H H
T R HH  H H
R R HH  H H
R M HH  H H
M K HH  H H
K G HT  H T
G E T-  T -
E M --  - -
M P --  - -
P S -T  - T
S D TT  T T
D F TH  T H
F D HH  H H
D A HH  H H
A K HH  H H
K A HH  H H
A K HH  H H
K E HH  H H
E F HH  H H
F I HH  H H
I A HH  H H
A K HH  H H
K L HH  H H
L Q HH  H H
Q A HH  H H
A N HS  H S
N P S-  S -
P A --  - -
A K --  - -
K I -E  - E
I A EE  E E
A S EH  E H
S R HH  H H
R K HH  H H
K A HH  H H
A S HH  H H
S Q HH  H H
Q N HH  H H
N A HH  H H
A I HH  H H
I E HH  H H
E A HH  H H
A F HH  H H
F G HG  H G
G P GG  G G
P L GG  G G
L L G-  G -
L P -T  - T
P E TT  T T
E F TE  T E
F L EE  E E
L G EE  E E
G G EE  E E
G S EE  E E
S A ES  E S
A D SS  S S
D L S-  S -
L A -H  - H
A P HH  H H
P S HH  H H
S N HH  H H
N L HT  H T
L T T-  T -
T L --  - -
L W --  - -
W S -T  - T
S G TT  T T
G S T-  T -
S K --  - -
K A -B  - B
A I BT  B T
I N TT  T T
N E TT  T T
E D T-  T -
D A -T  - T
A A TT  T T
A G T-  T -
G N -S  - S
N Y SE  S E
Y I EE  E E
I H EE  E E
H Y E-  E -
Y G --  - -
G V -S  - S
V R S-  S -
R E -H  - H
E F HH  H H
F G HH  H H
G M HH  H H
M T HH  H H
T A HH  H H
A I HH  H H
I A HH  H H
A N HH  H H
N G HH  H H
G I HH  H H
I S HH  H H
S L HH  H H
L H HH  H H
H G HS  H S
G G SS  S S
G F S-  S -
F L -E  - E
L P EE  E E
P Y EE  E E
Y T EE  E E
T S EE  E E
S T EE  E E
T F EE  E E
F L EG  E G
L M GG  G G
M F GG  G G
F V GG  G G
V E GG  G G
E Y GT  G T
Y A TT  T T
A R TH  T H
R N HH  H H
N A HH  H H
A V HH  H H
V R HH  H H
R M HH  H H
M A HH  H H
A A HH  H H
A L HH  H H
L M HT  H T
M K TT  T T
K Q T-  T -
Q R --  - -
R Q --  - -
Q V -E  - E
V M EE  E E
M V EE  E E
V Y EE  E E
Y T EE  E E
T H E-  E -
H D --  - -
D S -S  - S
S I SG  S G
I G GG  G G
G L GG  G G
L G G-  G -
G E -T  - T
E D TT  T T
D G T-  T -
G P -T  - T
P T TT  T T
T H TT  T T
H Q TS  T S
Q P S-  S -
P V -S  - S
V E SS  S S
E Q SH  S H
Q V HH  H H
V A HH  H H
A S HH  H H
S L HH  H H
L R HH  H H
R V HT  H T
V T TS  T S
T P ST  S T
P N TT  T T
N M T-  T -
M S -E  - E
S T EE  E E
T W EE  E E
W R E-  E -
R P --  - -
P C -S  - S
C D SS  S S
D Q SH  S H
Q V HH  H H
V E HH  H H
E S HH  H H
S A HH  H H
A V HH  H H
V A HH  H H
A W HH  H H
W K HH  H H
K Y HH  H H
Y G HH  H H
G V HH  H H
V E HH  H H
E R H-  H -
R Q -T  - T
Q D TT  T T
D G TS  T S
G P S-  S -
P T -E  - E
T A EE  E E
A L EE  E E
L I EE  E E
I L EE  E E
L S E-  E -
S R -S  - S
R Q SS  S S
Q N SE  S E
N L EE  E E
L A E-  E -
A Q --  - -
Q Q --  - -
Q E --  - -
E R --  - -
R T --  - -
T E -H  - H
E E HH  H H
E Q HH  H H
Q L HH  H H
L A HH  H H
A N HH  H H
N I HG  H G
I A GG  G G
A R GG  G G
R G GS  G S
G G S-  S -
G Y -E  - E
Y V EE  E E
V L EE  E E
L K EE  E E
K D E-  E -
D C --  - -
C A -S  - S
A G SS  S S
G Q SS  S S
Q P S-  S -
P E -S  - S
E L SE  S E
L I EE  E E
I F EE  E E
F I EE  E E
I A EE  E E
A T E-  E -
T G -G  - G
G S GG  G G
S E GG  G G
E V GH  G H
V E HH  H H
E L HH  H H
L A HH  H H
A V HH  H H
V A HH  H H
A A HH  H H
A Y HH  H H
Y E HH  H H
E K HH  H H
K L HH  H H
L T HH  H H
T A HH  H H
A E HT  H T
E G TT  T T
G V T-  T -
V K --  - -
K A -E  - E
A R EE  E E
R V EE  E E
V V EE  E E
V S EE  E E
S M E-  E -
M P -S  - S
P S S-  S -
S T -H  - H
T D HH  H H
D A HH  H H
A F HH  H H
F D HH  H H
D K HT  H T
K Q TS  T S
Q D S-  S -
D A -H  - H
A A HH  H H
A Y HH  H H
Y R HH  H H
R E HH  H H
E S HH  H H
S V HH  H H
V L HS  H S
L P S-  S -
P K -T  - T
K A TT  T T
A V T-  T -
V T --  - -
T A --  - -
A R -E  - E
R V EE  E E
V A EE  E E
A V EE  E E
V E EE  E E
E A EE  E E
A G EE  E E
G I EE  E E
I A EG  E G
A D GG  G G
D Y GG  G G
Y W GG  G G
W Y GH  G H
Y K HH  H H
K Y HH  H H
Y V HH  H H
V G H-  H -
G L -T  - T
L N TT  T T
N G TS  T S
G A SE  S E
A I EE  E E
I V EE  E E
V G EE  E E
G M EE  E E
M T E-  E -
T T -S  - S
T F S-  S -
F G --  - -
G E --  - -
E S -S  - S
S A SS  S S
A P S-  S -
P A -H  - H
A E HH  H H
E L HH  H H
L L HH  H H
L F HH  H H
F E HH  H H
E E HH  H H
E F HT  H T
F G TT  T T
G F T-  T -
F T -S  - S
T V SH  S H
V D HH  H H
D N HH  H H
N V HH  H H
V V HH  H H
V A HH  H H
A K HH  H H
K A HH  H H
A K HH  H H
K E HT  H T
E L TT  T T
L L T-  T -
L S --  - -
S S --  - -
S R -H  - H
R K HH  H H
K E HH  H H
E L HH  H H
L A HH  H H
A N HH  H H
N A HH  H H
A I HH  H H
I R HH  H H
R A HH  H H
A L HH  H H
L S HH  H H
S M HH  H H
M D HH  H H
D A HH  H H
A V HH  H H
V Q HH  H H
Q K HH  H H
K A HH  H H
A K HT  H T
K S T-  T -
S G -S  - S
G H S-  S -
H P --  - -
P G -H  - H
G A HH  H H
A P HH  H H
P M HH  H H
M G HH  H H
G M HH  H H
M A HH  H H
A D HH  H H
D I HH  H H
I A HH  H H
A E HH  H H
E V HH  H H
V L HI  H I
L W II  I I
W R II  I I
R D II  I I
D F II  I I
F L I-  I -
L K --  - -
K H --  - -
H N --  - -
N P -T  - T
P Q TT  T T
Q N T-  T -
N P -T  - T
P S TT  T T
S W T-  T -
W A -T  - T
A D TT  T T
D R T-  T -
R D --  - -
D R -E  - E
R F EE  E E
F V EE  E E
V L EE  E E
L S ES  E S
S N SS  S S
N G SG  S G
G H GG  G G
H G GG  G G
G S GH  G H
S M HH  H H
M L HH  H H
L I HH  H H
I Y HH  H H
Y S HH  H H
S L HH  H H
L L HH  H H
L H HH  H H
H L HH  H H
L T HH  H H
T G HT  H T
G Y T-  T -
Y D -S  - S
D L S-  S -
L P --  - -
P M -H  - H
M E HH  H H
E E HH  H H
E L HH  H H
L K HT  H T
K N TT  T T
N F TT  T T
F R TT  T T
R Q TS  T S
Q L ST  S T
L H TT  T T
H S T-  T -
S K -S  - S
K T S-  S -
T P --  - -
P G -S  - S
G H SS  S S
H P S-  S -
P E --  - -
E V -T  - T
V G TT  T T
G K TT  T T
K T TS  T S
T A ST  S T
A G TT  T T
G V T-  T -
V E --  - -
E T -S  - S
T T S-  S -
T T --  - -
T G --  - -
G P -S  - S
P L ST  S T
L G TT  T T
G Q TH  T H
Q G HH  H H
G I HH  H H
I A HH  H H
A N HH  H H
N A HH  H H
A V HH  H H
V G HH  H H
G M HH  H H
M A HH  H H
A I HH  H H
I A HH  H H
A E HH  H H
E K HH  H H
K T HH  H H
T L HH  H H
L A HH  H H
A A HH  H H
A Q HH  H H
Q F HH  H H
F N H-  H -
N R -B  - B
R P BT  B T
P G TT  T T
G H TB  T B
H D B-  B -
D I --  - -
I V --  - -
V D --  - -
D H --  - -
H Y --  - -
Y T -E  - E
T Y EE  E E
Y A EE  E E
A F EE  E E
F M EE  E E
M G E-  E -
G D -H  - H
D G HH  H H
G C HH  H H
C M HH  H H
M M HH  H H
M E HS  H S
E G SH  S H
G I HH  H H
I S HH  H H
S H HH  H H
H E HH  H H
E V HH  H H
V C HH  H H
C S HH  H H
S L HH  H H
L A HH  H H
A G HH  H H
G T HH  H H
T L HT  H T
L K TT  T T
K L T-  T -
L G -T  - T
G K TT  T T
K L TE  T E
L I EE  E E
I A EE  E E
A F EE  E E
F Y EE  E E
Y D EE  E E
D D EE  E E
D N E-  E -
N G -S  - S
G I SE  S E
I S EE  E E
S I ET  E T
I D TT  T T
D G TE  T E
G H EE  E E
H V EG  E G
V E GG  G G
E G GG  G G
G W GT  G T
W F T-  T -
F T --  - -
T D --  - -
D D --  - -
D T -H  - H
T A HH  H H
A M HH  H H
M R HH  H H
R F HH  H H
F E HH  H H
E A HH  H H
A Y HT  H T
Y G TT  T T
G W T-  T -
W H -E  - E
H V EE  E E
V I EE  E E
I R EE  E E
R D EE  E E
D I EE  E E
I D EE  E E
D G ET  E T
G H TT  T T
H D T-  T -
D A -H  - H
A A HH  H H
A S HH  H H
S I HH  H H
I K HH  H H
K R HH  H H
R A HH  H H
A V HH  H H
V E HH  H H
E E HH  H H
E A HH  H H
A R HH  H H
R A HT  H T
A V T-  T -
V T --  - -
T D -S  - S
D K SS  S S
K P S-  S -
P S -E  - E
S L EE  E E
L L EE  E E
L M EE  E E
M C EE  E E
C K EE  E E
K T E-  E -
T I --  - -
I I -T  - T
I G TT  T T
G F TT  T T
F G TT  T T
G S T-  T -
S P -T  - T
P N TT  T T
N K TT  T T
K A TT  T T
A G TT  T T
G T TS  T S
T H SG  S G
H D GG  G G
D S GG  G G
S H GS  G S
H G SS  S S
G A SS  S S
A P S-  S -
P L --  - -
L G --  - -
G D -H  - H
D A HH  H H
A E HH  H H
E I HH  H H
I A HH  H H
A L HH  H H
L T HH  H H
T R HH  H H
R E HH  H H
E Q HH  H H
Q L HH  H H
L G HT  H T
G W T-  T -
W K --  - -
K Y --  - -
Y A --  - -
A P -T  - T
P F TT  T T
F E T-  T -
E I --  - -
I P --  - -
P S -H  - H
S E HH  H H
E I HH  H H
I Y HH  H H
Y A HH  H H
A Q HH  H H
Q W HH  H H
W D H-  H -
D A --  - -
A K -H  - H
K E HH  H H
E A HH  H H
A G HH  H H
G Q HH  H H
Q A HH  H H
A K HH  H H
K E HH  H H
E S HH  H H
S A HH  H H
A W HH  H H
W N HH  H H
N E HH  H H
E K HH  H H
K F HH  H H
F A HH  H H
A A HH  H H
A Y HH  H H
Y A HH  H H
A K HH  H H
K A HH  H H
A Y H-  H -
Y P -H  - H
P Q HH  H H
Q E HH  H H
E A HH  H H
A A HH  H H
A E HH  H H
E F HH  H H
F T HH  H H
T R HH  H H
R R HH  H H
R M HH  H H
M K HH  H H
K G HT  H T
G E T-  T -
E M --  - -
M P --  - -
P S -T  - T
S D TT  T T
D F TH  T H
F D HH  H H
D A HH  H H
A K HH  H H
K A HH  H H
A K HH  H H
K E HH  H H
E F HH  H H
F I HH  H H
I A HH  H H
A K HH  H H
K L HH  H H
L Q HH  H H
Q A HH  H H
A N HS  H S
N P S-  S -
P A --  - -
A K --  - -
K I -E  - E
I A EE  E E
A S EH  E H
S R HH  H H
R K HH  H H
K A HH  H H
A S HH  H H
S Q HH  H H
Q N HH  H H
N A HH  H H
A I HH  H H
I E HH  H H
E A HH  H H
A F HH  H H
F G HT  H T
G P TT  T T
P L TT  T T
L L T-  T -
L P -T  - T
P E TT  T T
E F TE  T E
F L EE  E E
L G EE  E E
G G EE  E E
G S EE  E E
S A ES  E S
A D SS  S S
D L S-  S -
L A -I  - I
A P II  I I
P S II  I I
S N II  I I
N L II  I I
L T I-  I -
T L --  - -
L W --  - -
W S -T  - T
S G TT  T T
G S T-  T -
S K --  - -
K A -B  - B
A I BT  B T
I N TT  T T
N E TT  T T
E D T-  T -
D A -T  - T
A A TT  T T
A G T-  T -
G N -S  - S
N Y SE  S E
Y I EE  E E
I H EE  E E
H Y E-  E -
Y G --  - -
G V -S  - S
V R S-  S -
R E -H  - H
E F HH  H H
F G HH  H H
G M HH  H H
M T HH  H H
T A HH  H H
A I HH  H H
I A HH  H H
A N HH  H H
N G HH  H H
G I HH  H H
I S HH  H H
S L HH  H H
L H HH  H H
H G HS  H S
G G SS  S S
G F S-  S -
F L -E  - E
L P EE  E E
P Y EE  E E
Y T EE  E E
T S EE  E E
S T EE  E E
T F EE  E E
F L EG  E G
L M GG  G G
M F GG  G G
F V GG  G G
V E GG  G G
E Y GT  G T
Y A TT  T T
A R TH  T H
R N HH  H H
N A HH  H H
A V HH  H H
V R HH  H H
R M HH  H H
M A HH  H H
A A HH  H H
A L HH  H H
L M HT  H T
M K TT  T T
K Q T-  T -
Q R --  - -
R Q --  - -
Q V -E  - E
V M EE  E E
M V EE  E E
V Y EE  E E
Y T EE  E E
T H E-  E -
H D --  - -
D S -S  - S
S I SG  S G
I G GG  G G
G L GG  G G
L G G-  G -
G E -T  - T
E D TT  T T
D G T-  T -
G P -T  - T
P T TT  T T
T H TT  T T
H Q TS  T S
Q P S-  S -
P V -S  - S
V E SS  S S
E Q SH  S H
Q V HH  H H
V A HH  H H
A S HH  H H
S L HH  H H
L R HH  H H
R V HT  H T
V T TS  T S
T P ST  S T
P N TT  T T
N M T-  T -
M S -E  - E
S T EE  E E
T W EE  E E
W R E-  E -
R P --  - -
P C -S  - S
C D SS  S S
D Q SH  S H
Q V HH  H H
V E HH  H H
E S HH  H H
S A HH  H H
A V HH  H H
V A HH  H H
A W HH  H H
W K HH  H H
K Y HH  H H
Y G HH  H H
G V HH  H H
V E HH  H H
E R H-  H -
R Q --  - -
Q D -S  - S
D G SS  S S
G P S-  S -
P T -E  - E
T A EE  E E
A L EE  E E
L I EE  E E
I L E-  E -
L S --  - -
S R -S  - S
R Q SS  S S
Q N SE  S E
N L EE  E E
L A E-  E -
A Q --  - -
Q Q --  - -
Q E --  - -
E R --  - -
R T --  - -
T E -H  - H
E E HH  H H
E Q HH  H H
Q L HH  H H
L A HH  H H
A N HH  H H
N I HG  H G
I A GG  G G
A R GG  G G
R G GS  G S
G G S-  S -
G Y -E  - E
Y V EE  E E
V L EE  E E
L K EE  E E
K D E-  E -
D C --  - -
C A -S  - S
A G SS  S S
G Q SS  S S
Q P S-  S -
P E -S  - S
E L SE  S E
L I EE  E E
I F EE  E E
F I EE  E E
I A EE  E E
A T E-  E -
T G -G  - G
G S GG  G G
S E GG  G G
E V GH  G H
V E HH  H H
E L HH  H H
L A HH  H H
A V HH  H H
V A HH  H H
A A HH  H H
A Y HH  H H
Y E HH  H H
E K HH  H H
K L HH  H H
L T HH  H H
T A HH  H H
A E HT  H T
E G TT  T T
G V T-  T -
V K --  - -
K A -E  - E
A R EE  E E
R V EE  E E
V V EE  E E
V S EE  E E
S M E-  E -
M P -S  - S
P S S-  S -
S T -H  - H
T D HH  H H
D A HH  H H
A F HH  H H
F D HH  H H
D K HT  H T
K Q TS  T S
Q D S-  S -
D A -H  - H
A A HH  H H
A Y HH  H H
Y R HH  H H
R E HH  H H
E S HH  H H
S V HH  H H
V L HS  H S
L P S-  S -
P K -T  - T
K A TT  T T
A V T-  T -
V T --  - -
T A --  - -
A R -E  - E
R V EE  E E
V A EE  E E
A V EE  E E
V E EE  E E
E A EE  E E
A G EE  E E
G I EE  E E
I A EG  E G
A D GG  G G
D Y GG  G G
Y W GG  G G
W Y GH  G H
Y K HH  H H
K Y HH  H H
Y V HH  H H
V G H-  H -
G L -T  - T
L N TT  T T
N G TS  T S
G A SE  S E
A I EE  E E
I V EE  E E
V G EE  E E
G M EE  E E
M T E-  E -
T T -S  - S
T F S-  S -
F G --  - -
G E --  - -
E S -S  - S
S A SS  S S
A P S-  S -
P A -H  - H
A E HH  H H
E L HH  H H
L L HH  H H
L F HH  H H
F E HH  H H
E E HH  H H
E F HT  H T
F G TT  T T
G F T-  T -
F T -S  - S
T V SH  S H
V D HH  H H
D N HH  H H
N V HH  H H
V V HH  H H
V A HH  H H
A K HH  H H
K A HH  H H
A K HH  H H
K E HT  H T
E L TT  T T
L L T-  T -
